running egg_info
creating build/t265_px4/t265_px4.egg-info
writing build/t265_px4/t265_px4.egg-info/PKG-INFO
writing dependency_links to build/t265_px4/t265_px4.egg-info/dependency_links.txt
writing entry points to build/t265_px4/t265_px4.egg-info/entry_points.txt
writing requirements to build/t265_px4/t265_px4.egg-info/requires.txt
writing top-level names to build/t265_px4/t265_px4.egg-info/top_level.txt
writing manifest file 'build/t265_px4/t265_px4.egg-info/SOURCES.txt'
reading manifest file 'build/t265_px4/t265_px4.egg-info/SOURCES.txt'
writing manifest file 'build/t265_px4/t265_px4.egg-info/SOURCES.txt'
running build
running build_py
creating /home/panda/ros2_ws/src/t265_px4/build/t265_px4/build
creating /home/panda/ros2_ws/src/t265_px4/build/t265_px4/build/lib
creating /home/panda/ros2_ws/src/t265_px4/build/t265_px4/build/lib/t265_px4
copying t265_px4/subscriber_member_function.py -> /home/panda/ros2_ws/src/t265_px4/build/t265_px4/build/lib/t265_px4
copying t265_px4/__init__.py -> /home/panda/ros2_ws/src/t265_px4/build/t265_px4/build/lib/t265_px4
running install
running install_lib
creating /home/panda/ros2_ws/src/t265_px4/install/t265_px4/lib/python3.8/site-packages/t265_px4
copying /home/panda/ros2_ws/src/t265_px4/build/t265_px4/build/lib/t265_px4/subscriber_member_function.py -> /home/panda/ros2_ws/src/t265_px4/install/t265_px4/lib/python3.8/site-packages/t265_px4
copying /home/panda/ros2_ws/src/t265_px4/build/t265_px4/build/lib/t265_px4/__init__.py -> /home/panda/ros2_ws/src/t265_px4/install/t265_px4/lib/python3.8/site-packages/t265_px4
byte-compiling /home/panda/ros2_ws/src/t265_px4/install/t265_px4/lib/python3.8/site-packages/t265_px4/subscriber_member_function.py to subscriber_member_function.cpython-38.pyc
byte-compiling /home/panda/ros2_ws/src/t265_px4/install/t265_px4/lib/python3.8/site-packages/t265_px4/__init__.py to __init__.cpython-38.pyc
running install_data
creating /home/panda/ros2_ws/src/t265_px4/install/t265_px4/share/ament_index
creating /home/panda/ros2_ws/src/t265_px4/install/t265_px4/share/ament_index/resource_index
creating /home/panda/ros2_ws/src/t265_px4/install/t265_px4/share/ament_index/resource_index/packages
copying resource/t265_px4 -> /home/panda/ros2_ws/src/t265_px4/install/t265_px4/share/ament_index/resource_index/packages
copying package.xml -> /home/panda/ros2_ws/src/t265_px4/install/t265_px4/share/t265_px4
running install_egg_info
Copying build/t265_px4/t265_px4.egg-info to /home/panda/ros2_ws/src/t265_px4/install/t265_px4/lib/python3.8/site-packages/t265_px4-0.0.0-py3.8.egg-info
running install_scripts
Installing listener script to /home/panda/ros2_ws/src/t265_px4/install/t265_px4/lib/t265_px4
writing list of installed files to '/home/panda/ros2_ws/src/t265_px4/build/t265_px4/install.log'
